<?xml version="1.0" encoding="UTF-8"?>
<testng-results skipped="0" failed="1" ignored="0" total="1" passed="0">
  <reporter-output>
  </reporter-output>
  <suite name="Default suite" duration-ms="20562" started-at="2017-12-21T05:21:51Z" finished-at="2017-12-21T05:22:12Z">
    <groups>
    </groups>
    <test name="Default test" duration-ms="20562" started-at="2017-12-21T05:21:51Z" finished-at="2017-12-21T05:22:12Z">
      <class name="testCases.TC002_SignUp_FaceBook">
        <test-method status="PASS" signature="beforeSuite()[pri:0, instance:testCases.TC002_SignUp_FaceBook@1c6f14e]" name="beforeSuite" is-config="true" duration-ms="254" started-at="2017-12-21T10:51:51Z" finished-at="2017-12-21T10:51:51Z">
          <reporter-output>
          </reporter-output>
        </test-method> <!-- beforeSuite -->
        <test-method status="PASS" signature="beforeTest()[pri:0, instance:testCases.TC002_SignUp_FaceBook@1c6f14e]" name="beforeTest" is-config="true" duration-ms="0" started-at="2017-12-21T10:51:51Z" finished-at="2017-12-21T10:51:51Z">
          <reporter-output>
          </reporter-output>
        </test-method> <!-- beforeTest -->
        <test-method status="PASS" signature="setData()[pri:0, instance:testCases.TC002_SignUp_FaceBook@1c6f14e]" name="setData" is-config="true" duration-ms="0" started-at="2017-12-21T10:51:51Z" finished-at="2017-12-21T10:51:51Z">
          <reporter-output>
          </reporter-output>
        </test-method> <!-- setData -->
        <test-method status="PASS" signature="beforeMethod()[pri:0, instance:testCases.TC002_SignUp_FaceBook@1c6f14e]" name="beforeMethod" is-config="true" duration-ms="9177" started-at="2017-12-21T10:51:52Z" finished-at="2017-12-21T10:52:01Z">
          <reporter-output>
          </reporter-output>
        </test-method> <!-- beforeMethod -->
        <test-method status="FAIL" signature="join_Facebook(java.lang.String, java.lang.String)[pri:0, instance:testCases.TC002_SignUp_FaceBook@1c6f14e]" name="join_Facebook" duration-ms="10048" started-at="2017-12-21T10:52:01Z" data-provider="fetchData" finished-at="2017-12-21T10:52:11Z">
          <params>
            <param index="0">
              <value>
                <![CDATA[testcashkaro123@gmail.com]]>
              </value>
            </param>
            <param index="1">
              <value>
                <![CDATA[testcash123]]>
              </value>
            </param>
          </params>
          <exception class="java.lang.RuntimeException">
            <message>
              <![CDATA[FAILED]]>
            </message>
            <full-stacktrace>
              <![CDATA[java.lang.RuntimeException: FAILED
	at utilities.Reporter.reportStep(Reporter.java:34)
	at utilities.Reporter.reportStep(Reporter.java:44)
	at driverMethods.SeleniumMethods.verifyTitle(SeleniumMethods.java:201)
	at pages.HomePage.<init>(HomePage.java:20)
	at pages.LoginViaFacebook.clickLogin(LoginViaFacebook.java:44)
	at testCases.TC002_SignUp_FaceBook.join_Facebook(TC002_SignUp_FaceBook.java:28)
	at sun.reflect.NativeMethodAccessorImpl.invoke0(Native Method)
	at sun.reflect.NativeMethodAccessorImpl.invoke(NativeMethodAccessorImpl.java:62)
	at sun.reflect.DelegatingMethodAccessorImpl.invoke(DelegatingMethodAccessorImpl.java:43)
	at java.lang.reflect.Method.invoke(Method.java:483)
	at org.testng.internal.MethodInvocationHelper.invokeMethod(MethodInvocationHelper.java:108)
	at org.testng.internal.Invoker.invokeMethod(Invoker.java:661)
	at org.testng.internal.Invoker.invokeTestMethod(Invoker.java:869)
	at org.testng.internal.Invoker.invokeTestMethods(Invoker.java:1193)
	at org.testng.internal.TestMethodWorker.invokeTestMethods(TestMethodWorker.java:126)
	at org.testng.internal.TestMethodWorker.run(TestMethodWorker.java:109)
	at org.testng.TestRunner.privateRun(TestRunner.java:744)
	at org.testng.TestRunner.run(TestRunner.java:602)
	at org.testng.SuiteRunner.runTest(SuiteRunner.java:380)
	at org.testng.SuiteRunner.runSequentially(SuiteRunner.java:375)
	at org.testng.SuiteRunner.privateRun(SuiteRunner.java:340)
	at org.testng.SuiteRunner.run(SuiteRunner.java:289)
	at org.testng.SuiteRunnerWorker.runSuite(SuiteRunnerWorker.java:52)
	at org.testng.SuiteRunnerWorker.run(SuiteRunnerWorker.java:86)
	at org.testng.TestNG.runSuitesSequentially(TestNG.java:1301)
	at org.testng.TestNG.runSuitesLocally(TestNG.java:1226)
	at org.testng.TestNG.runSuites(TestNG.java:1144)
	at org.testng.TestNG.run(TestNG.java:1115)
	at org.testng.remote.AbstractRemoteTestNG.run(AbstractRemoteTestNG.java:114)
	at org.testng.remote.RemoteTestNG.initAndRun(RemoteTestNG.java:251)
	at org.testng.remote.RemoteTestNG.main(RemoteTestNG.java:77)
]]>
            </full-stacktrace>
          </exception> <!-- java.lang.RuntimeException -->
          <reporter-output>
          </reporter-output>
        </test-method> <!-- join_Facebook -->
        <test-method status="PASS" signature="afterMethod()[pri:0, instance:testCases.TC002_SignUp_FaceBook@1c6f14e]" name="afterMethod" is-config="true" duration-ms="738" started-at="2017-12-21T10:52:11Z" finished-at="2017-12-21T10:52:12Z">
          <reporter-output>
          </reporter-output>
        </test-method> <!-- afterMethod -->
        <test-method status="PASS" signature="afterTest()[pri:0, instance:testCases.TC002_SignUp_FaceBook@1c6f14e]" name="afterTest" is-config="true" duration-ms="1" started-at="2017-12-21T10:52:12Z" finished-at="2017-12-21T10:52:12Z">
          <reporter-output>
          </reporter-output>
        </test-method> <!-- afterTest -->
        <test-method status="PASS" signature="afterSuite()[pri:0, instance:testCases.TC002_SignUp_FaceBook@1c6f14e]" name="afterSuite" is-config="true" duration-ms="269" started-at="2017-12-21T10:52:12Z" finished-at="2017-12-21T10:52:12Z">
          <reporter-output>
          </reporter-output>
        </test-method> <!-- afterSuite -->
      </class> <!-- testCases.TC002_SignUp_FaceBook -->
    </test> <!-- Default test -->
  </suite> <!-- Default suite -->
</testng-results>
